[     220ms] [LOG] JQMIGRATE: Migrate is installed, version 3.0.1 @ http://localhost:4322/js/jquery-migrate-3.0.1.min.js:32
[     256ms] [WARNING] Google Maps JavaScript API has been loaded directly without loading=async. This can result in suboptimal performance. For best-practice loading patterns please see https://goo.gle/js-api-loading @ https://maps.googleapis.com/maps/api/js?key=AIzaSyBVWaKrjvy3MaE7SQ74_uJiULgl1JY0H2s&sensor=false:331
[     259ms] [WARNING] google.maps.event.addDomListener() is deprecated, use the standard
addEventListener() method instead:
https://developer.mozilla.org/docs/Web/API/EventTarget/addEventListener
The feature will continue to work and there is no plan to decommission
it. @ https://maps.googleapis.com/maps/api/js?key=AIzaSyBVWaKrjvy3MaE7SQ74_uJiULgl1JY0H2s&sensor=false:212
[     263ms] [ERROR] Failed to load resource: the server responded with a status of 504 (Outdated Optimize Dep) @ http://localhost:4322/node_modules/.vite/deps/gsap.js?v=6d27690f:0
[     263ms] [ERROR] Failed to load resource: the server responded with a status of 504 (Outdated Optimize Dep) @ http://localhost:4322/node_modules/.vite/deps/gsap_ScrollTrigger.js?v=cd352498:0
[     713ms] Uncaught InvalidValueError: Map: Expected mapDiv of type HTMLElement but was passed null.
    at _.Vm (https://maps.googleapis.com/maps/api/js?key=AIzaSyBVWaKrjvy3MaE7SQ74_uJiULgl1JY0H2s&sensor=false:202:396)
    at _.fr (https://maps.googleapis.com/maps/api/js?key=AIzaSyBVWaKrjvy3MaE7SQ74_uJiULgl1JY0H2s&sensor=false:277:273)
    at init (http://localhost:4322/js/google-map.js:43:14)
[    5281ms] [WARNING] Google Maps JavaScript API warning: SensorNotRequired https://developers.google.com/maps/documentation/javascript/error-messages#sensor-not-required @ https://maps.googleapis.com/maps-api-v3/api/js/64/14a/util.js:29
[  111313ms] [LOG] JQMIGRATE: Migrate is installed, version 3.0.1 @ http://localhost:4322/js/jquery-migrate-3.0.1.min.js:32
[  111327ms] [WARNING] Google Maps JavaScript API has been loaded directly without loading=async. This can result in suboptimal performance. For best-practice loading patterns please see https://goo.gle/js-api-loading @ https://maps.googleapis.com/maps/api/js?key=AIzaSyBVWaKrjvy3MaE7SQ74_uJiULgl1JY0H2s&sensor=false:331
[  111328ms] [WARNING] google.maps.event.addDomListener() is deprecated, use the standard
addEventListener() method instead:
https://developer.mozilla.org/docs/Web/API/EventTarget/addEventListener
The feature will continue to work and there is no plan to decommission
it. @ https://maps.googleapis.com/maps/api/js?key=AIzaSyBVWaKrjvy3MaE7SQ74_uJiULgl1JY0H2s&sensor=false:212
[  111334ms] [ERROR] Failed to load resource: the server responded with a status of 504 (Outdated Optimize Dep) @ http://localhost:4322/node_modules/.vite/deps/gsap.js?v=6d27690f:0
[  111336ms] [ERROR] Failed to load resource: the server responded with a status of 504 (Outdated Optimize Dep) @ http://localhost:4322/node_modules/.vite/deps/gsap_ScrollTrigger.js?v=cd352498:0
[  111688ms] Uncaught InvalidValueError: Map: Expected mapDiv of type HTMLElement but was passed null.
    at _.Vm (https://maps.googleapis.com/maps/api/js?key=AIzaSyBVWaKrjvy3MaE7SQ74_uJiULgl1JY0H2s&sensor=false:202:396)
    at _.fr (https://maps.googleapis.com/maps/api/js?key=AIzaSyBVWaKrjvy3MaE7SQ74_uJiULgl1JY0H2s&sensor=false:277:273)
    at init (http://localhost:4322/js/google-map.js:43:14)
[  116334ms] [WARNING] Google Maps JavaScript API warning: SensorNotRequired https://developers.google.com/maps/documentation/javascript/error-messages#sensor-not-required @ https://maps.googleapis.com/maps-api-v3/api/js/64/14a/util.js:29
